Analysis & Synthesis report for acc_project
Tue Apr 26 13:33:59 2016
Quartus Prime Version 15.1.0 Build 185 10/21/2015 SJ Lite Edition


---------------------
; Table of Contents ;
---------------------
  1. Legal Notice
  2. Analysis & Synthesis Summary
  3. Analysis & Synthesis Settings
  4. Parallel Compilation
  5. Analysis & Synthesis Messages



----------------
; Legal Notice ;
----------------
Copyright (C) 1991-2015 Altera Corporation. All rights reserved.
Your use of Altera Corporation's design tools, logic functions 
and other software and tools, and its AMPP partner logic 
functions, and any output files from any of the foregoing 
(including device programming or simulation files), and any 
associated documentation or information are expressly subject 
to the terms and conditions of the Altera Program License 
Subscription Agreement, the Altera Quartus Prime License Agreement,
the Altera MegaCore Function License Agreement, or other 
applicable license agreement, including, without limitation, 
that your use is for the sole purpose of programming logic 
devices manufactured by Altera and sold by Altera or its 
authorized distributors.  Please refer to the applicable 
agreement for further details.



+----------------------------------------------------------------------------------+
; Analysis & Synthesis Summary                                                     ;
+------------------------------------+---------------------------------------------+
; Analysis & Synthesis Status        ; Failed - Tue Apr 26 13:33:59 2016           ;
; Quartus Prime Version              ; 15.1.0 Build 185 10/21/2015 SJ Lite Edition ;
; Revision Name                      ; acc_project                                 ;
; Top-level Entity Name              ; acc_project                                 ;
; Family                             ; Cyclone IV E                                ;
; Total logic elements               ; N/A until Partition Merge                   ;
;     Total combinational functions  ; N/A until Partition Merge                   ;
;     Dedicated logic registers      ; N/A until Partition Merge                   ;
; Total registers                    ; N/A until Partition Merge                   ;
; Total pins                         ; N/A until Partition Merge                   ;
; Total virtual pins                 ; N/A until Partition Merge                   ;
; Total memory bits                  ; N/A until Partition Merge                   ;
; Embedded Multiplier 9-bit elements ; N/A until Partition Merge                   ;
; Total PLLs                         ; N/A until Partition Merge                   ;
+------------------------------------+---------------------------------------------+


+----------------------------------------------------------------------------------------------------------------------+
; Analysis & Synthesis Settings                                                                                        ;
+----------------------------------------------------------------------------+--------------------+--------------------+
; Option                                                                     ; Setting            ; Default Value      ;
+----------------------------------------------------------------------------+--------------------+--------------------+
; Device                                                                     ; EP4CE115F29C7      ;                    ;
; Top-level entity name                                                      ; acc_project        ; acc_project        ;
; Family name                                                                ; Cyclone IV E       ; Cyclone V          ;
; Use smart compilation                                                      ; Off                ; Off                ;
; Enable parallel Assembler and TimeQuest Timing Analyzer during compilation ; On                 ; On                 ;
; Enable compact report table                                                ; Off                ; Off                ;
; Restructure Multiplexers                                                   ; Auto               ; Auto               ;
; Create Debugging Nodes for IP Cores                                        ; Off                ; Off                ;
; Preserve fewer node names                                                  ; On                 ; On                 ;
; Disable OpenCore Plus hardware evaluation                                  ; Off                ; Off                ;
; Verilog Version                                                            ; Verilog_2001       ; Verilog_2001       ;
; VHDL Version                                                               ; VHDL_1993          ; VHDL_1993          ;
; State Machine Processing                                                   ; Auto               ; Auto               ;
; Safe State Machine                                                         ; Off                ; Off                ;
; Extract Verilog State Machines                                             ; On                 ; On                 ;
; Extract VHDL State Machines                                                ; On                 ; On                 ;
; Ignore Verilog initial constructs                                          ; Off                ; Off                ;
; Iteration limit for constant Verilog loops                                 ; 5000               ; 5000               ;
; Iteration limit for non-constant Verilog loops                             ; 250                ; 250                ;
; Add Pass-Through Logic to Inferred RAMs                                    ; On                 ; On                 ;
; Infer RAMs from Raw Logic                                                  ; On                 ; On                 ;
; Parallel Synthesis                                                         ; On                 ; On                 ;
; DSP Block Balancing                                                        ; Auto               ; Auto               ;
; NOT Gate Push-Back                                                         ; On                 ; On                 ;
; Power-Up Don't Care                                                        ; On                 ; On                 ;
; Remove Redundant Logic Cells                                               ; Off                ; Off                ;
; Remove Duplicate Registers                                                 ; On                 ; On                 ;
; Ignore CARRY Buffers                                                       ; Off                ; Off                ;
; Ignore CASCADE Buffers                                                     ; Off                ; Off                ;
; Ignore GLOBAL Buffers                                                      ; Off                ; Off                ;
; Ignore ROW GLOBAL Buffers                                                  ; Off                ; Off                ;
; Ignore LCELL Buffers                                                       ; Off                ; Off                ;
; Ignore SOFT Buffers                                                        ; On                 ; On                 ;
; Limit AHDL Integers to 32 Bits                                             ; Off                ; Off                ;
; Optimization Technique                                                     ; Balanced           ; Balanced           ;
; Carry Chain Length                                                         ; 70                 ; 70                 ;
; Auto Carry Chains                                                          ; On                 ; On                 ;
; Auto Open-Drain Pins                                                       ; On                 ; On                 ;
; Perform WYSIWYG Primitive Resynthesis                                      ; Off                ; Off                ;
; Auto ROM Replacement                                                       ; On                 ; On                 ;
; Auto RAM Replacement                                                       ; On                 ; On                 ;
; Auto DSP Block Replacement                                                 ; On                 ; On                 ;
; Auto Shift Register Replacement                                            ; Auto               ; Auto               ;
; Allow Shift Register Merging across Hierarchies                            ; Auto               ; Auto               ;
; Auto Clock Enable Replacement                                              ; On                 ; On                 ;
; Strict RAM Replacement                                                     ; Off                ; Off                ;
; Allow Synchronous Control Signals                                          ; On                 ; On                 ;
; Force Use of Synchronous Clear Signals                                     ; Off                ; Off                ;
; Auto RAM Block Balancing                                                   ; On                 ; On                 ;
; Auto RAM to Logic Cell Conversion                                          ; Off                ; Off                ;
; Auto Resource Sharing                                                      ; Off                ; Off                ;
; Allow Any RAM Size For Recognition                                         ; Off                ; Off                ;
; Allow Any ROM Size For Recognition                                         ; Off                ; Off                ;
; Allow Any Shift Register Size For Recognition                              ; Off                ; Off                ;
; Use LogicLock Constraints during Resource Balancing                        ; On                 ; On                 ;
; Ignore translate_off and synthesis_off directives                          ; Off                ; Off                ;
; Timing-Driven Synthesis                                                    ; On                 ; On                 ;
; Report Parameter Settings                                                  ; On                 ; On                 ;
; Report Source Assignments                                                  ; On                 ; On                 ;
; Report Connectivity Checks                                                 ; On                 ; On                 ;
; Ignore Maximum Fan-Out Assignments                                         ; Off                ; Off                ;
; Synchronization Register Chain Length                                      ; 2                  ; 2                  ;
; PowerPlay Power Optimization During Synthesis                              ; Normal compilation ; Normal compilation ;
; HDL message level                                                          ; Level2             ; Level2             ;
; Suppress Register Optimization Related Messages                            ; Off                ; Off                ;
; Number of Removed Registers Reported in Synthesis Report                   ; 5000               ; 5000               ;
; Number of Swept Nodes Reported in Synthesis Report                         ; 5000               ; 5000               ;
; Number of Inverted Registers Reported in Synthesis Report                  ; 100                ; 100                ;
; Clock MUX Protection                                                       ; On                 ; On                 ;
; Auto Gated Clock Conversion                                                ; Off                ; Off                ;
; Block Design Naming                                                        ; Auto               ; Auto               ;
; SDC constraint protection                                                  ; Off                ; Off                ;
; Synthesis Effort                                                           ; Auto               ; Auto               ;
; Shift Register Replacement - Allow Asynchronous Clear Signal               ; On                 ; On                 ;
; Pre-Mapping Resynthesis Optimization                                       ; Off                ; Off                ;
; Analysis & Synthesis Message Level                                         ; Medium             ; Medium             ;
; Disable Register Merging Across Hierarchies                                ; Auto               ; Auto               ;
; Resource Aware Inference For Block RAM                                     ; On                 ; On                 ;
; Synthesis Seed                                                             ; 1                  ; 1                  ;
+----------------------------------------------------------------------------+--------------------+--------------------+


+------------------------------------------+
; Parallel Compilation                     ;
+----------------------------+-------------+
; Processors                 ; Number      ;
+----------------------------+-------------+
; Number detected on machine ; 8           ;
; Maximum allowed            ; 8           ;
;                            ;             ;
; Average used               ; 1.00        ;
; Maximum used               ; 1           ;
;                            ;             ;
; Usage by Processor         ; % Time Used ;
;     Processor 1            ; 100.0%      ;
+----------------------------+-------------+


+-------------------------------+
; Analysis & Synthesis Messages ;
+-------------------------------+
Info: *******************************************************************
Info: Running Quartus Prime Analysis & Synthesis
    Info: Version 15.1.0 Build 185 10/21/2015 SJ Lite Edition
    Info: Processing started: Tue Apr 26 13:33:43 2016
Info: Command: quartus_map --read_settings_files=on --write_settings_files=off acc_project -c acc_project
Info (20030): Parallel compilation is enabled and will use 8 of the 8 processors detected
Critical Warning (10191): Verilog HDL Compiler Directive warning at mpu-6050_english.v(56): text macro "Define" is undefined File: F:/Quarter 3/VLSI System Design/FPGA-DRUMS/EECS392/mpu-6050_english.v Line: 56
Error (10170): Verilog HDL syntax error at mpu-6050_english.v(73) near text: "8";  expecting ".", or "(". Check for and fix any syntax errors that appear immediately before or at the specified keyword. The Altera Knowledge Database contains many articles with specific details on how to resolve this error. Visit the Knowledge Database at https://www.altera.com/support/support-resources/knowledge-base/search.html and search for this specific error message number. File: F:/Quarter 3/VLSI System Design/FPGA-DRUMS/EECS392/mpu-6050_english.v Line: 73
Critical Warning (10191): Verilog HDL Compiler Directive warning at mpu-6050_english.v(165): text macro "DEVICE_WRITE" is undefined File: F:/Quarter 3/VLSI System Design/FPGA-DRUMS/EECS392/mpu-6050_english.v Line: 165
Error (10170): Verilog HDL syntax error at mpu-6050_english.v(165) near text: ";";  expecting "@", or an operand. Check for and fix any syntax errors that appear immediately before or at the specified keyword. The Altera Knowledge Database contains many articles with specific details on how to resolve this error. Visit the Knowledge Database at https://www.altera.com/support/support-resources/knowledge-base/search.html and search for this specific error message number. File: F:/Quarter 3/VLSI System Design/FPGA-DRUMS/EECS392/mpu-6050_english.v Line: 165
Critical Warning (10191): Verilog HDL Compiler Directive warning at mpu-6050_english.v(169): text macro "SCL_HIG" is undefined File: F:/Quarter 3/VLSI System Design/FPGA-DRUMS/EECS392/mpu-6050_english.v Line: 169
Error (10170): Verilog HDL syntax error at mpu-6050_english.v(169) near text: ")";  expecting an operand. Check for and fix any syntax errors that appear immediately before or at the specified keyword. The Altera Knowledge Database contains many articles with specific details on how to resolve this error. Visit the Knowledge Database at https://www.altera.com/support/support-resources/knowledge-base/search.html and search for this specific error message number. File: F:/Quarter 3/VLSI System Design/FPGA-DRUMS/EECS392/mpu-6050_english.v Line: 169
Error (10170): Verilog HDL syntax error at mpu-6050_english.v(176) near text: "else";  expecting "end". Check for and fix any syntax errors that appear immediately before or at the specified keyword. The Altera Knowledge Database contains many articles with specific details on how to resolve this error. Visit the Knowledge Database at https://www.altera.com/support/support-resources/knowledge-base/search.html and search for this specific error message number. File: F:/Quarter 3/VLSI System Design/FPGA-DRUMS/EECS392/mpu-6050_english.v Line: 176
Critical Warning (10191): Verilog HDL Compiler Directive warning at mpu-6050_english.v(180): text macro "SCL_LOW" is undefined File: F:/Quarter 3/VLSI System Design/FPGA-DRUMS/EECS392/mpu-6050_english.v Line: 180
Error (10170): Verilog HDL syntax error at mpu-6050_english.v(180) near text: ")";  expecting an operand. Check for and fix any syntax errors that appear immediately before or at the specified keyword. The Altera Knowledge Database contains many articles with specific details on how to resolve this error. Visit the Knowledge Database at https://www.altera.com/support/support-resources/knowledge-base/search.html and search for this specific error message number. File: F:/Quarter 3/VLSI System Design/FPGA-DRUMS/EECS392/mpu-6050_english.v Line: 180
Error (10170): Verilog HDL syntax error at mpu-6050_english.v(196) near text: "else";  expecting "end". Check for and fix any syntax errors that appear immediately before or at the specified keyword. The Altera Knowledge Database contains many articles with specific details on how to resolve this error. Visit the Knowledge Database at https://www.altera.com/support/support-resources/knowledge-base/search.html and search for this specific error message number. File: F:/Quarter 3/VLSI System Design/FPGA-DRUMS/EECS392/mpu-6050_english.v Line: 196
Critical Warning (10191): Verilog HDL Compiler Directive warning at mpu-6050_english.v(200): text macro "SCL_NEG" is undefined File: F:/Quarter 3/VLSI System Design/FPGA-DRUMS/EECS392/mpu-6050_english.v Line: 200
Error (10170): Verilog HDL syntax error at mpu-6050_english.v(200) near text: ")";  expecting an operand. Check for and fix any syntax errors that appear immediately before or at the specified keyword. The Altera Knowledge Database contains many articles with specific details on how to resolve this error. Visit the Knowledge Database at https://www.altera.com/support/support-resources/knowledge-base/search.html and search for this specific error message number. File: F:/Quarter 3/VLSI System Design/FPGA-DRUMS/EECS392/mpu-6050_english.v Line: 200
Critical Warning (10191): Verilog HDL Compiler Directive warning at mpu-6050_english.v(204): text macro "PWR_MGMT_1" is undefined File: F:/Quarter 3/VLSI System Design/FPGA-DRUMS/EECS392/mpu-6050_english.v Line: 204
Error (10170): Verilog HDL syntax error at mpu-6050_english.v(204) near text: ";";  expecting "@", or an operand. Check for and fix any syntax errors that appear immediately before or at the specified keyword. The Altera Knowledge Database contains many articles with specific details on how to resolve this error. Visit the Knowledge Database at https://www.altera.com/support/support-resources/knowledge-base/search.html and search for this specific error message number. File: F:/Quarter 3/VLSI System Design/FPGA-DRUMS/EECS392/mpu-6050_english.v Line: 204
Critical Warning (10191): Verilog HDL Compiler Directive warning at mpu-6050_english.v(205): text macro "SMPLRT_DIV" is undefined File: F:/Quarter 3/VLSI System Design/FPGA-DRUMS/EECS392/mpu-6050_english.v Line: 205
Error (10170): Verilog HDL syntax error at mpu-6050_english.v(205) near text: ";";  expecting "@", or an operand. Check for and fix any syntax errors that appear immediately before or at the specified keyword. The Altera Knowledge Database contains many articles with specific details on how to resolve this error. Visit the Knowledge Database at https://www.altera.com/support/support-resources/knowledge-base/search.html and search for this specific error message number. File: F:/Quarter 3/VLSI System Design/FPGA-DRUMS/EECS392/mpu-6050_english.v Line: 205
Critical Warning (10191): Verilog HDL Compiler Directive warning at mpu-6050_english.v(206): text macro "CONFIG1" is undefined File: F:/Quarter 3/VLSI System Design/FPGA-DRUMS/EECS392/mpu-6050_english.v Line: 206
Error (10170): Verilog HDL syntax error at mpu-6050_english.v(206) near text: ";";  expecting "@", or an operand. Check for and fix any syntax errors that appear immediately before or at the specified keyword. The Altera Knowledge Database contains many articles with specific details on how to resolve this error. Visit the Knowledge Database at https://www.altera.com/support/support-resources/knowledge-base/search.html and search for this specific error message number. File: F:/Quarter 3/VLSI System Design/FPGA-DRUMS/EECS392/mpu-6050_english.v Line: 206
Critical Warning (10191): Verilog HDL Compiler Directive warning at mpu-6050_english.v(207): text macro "GYRO_CONFIG" is undefined File: F:/Quarter 3/VLSI System Design/FPGA-DRUMS/EECS392/mpu-6050_english.v Line: 207
Error (10170): Verilog HDL syntax error at mpu-6050_english.v(207) near text: ";";  expecting "@", or an operand. Check for and fix any syntax errors that appear immediately before or at the specified keyword. The Altera Knowledge Database contains many articles with specific details on how to resolve this error. Visit the Knowledge Database at https://www.altera.com/support/support-resources/knowledge-base/search.html and search for this specific error message number. File: F:/Quarter 3/VLSI System Design/FPGA-DRUMS/EECS392/mpu-6050_english.v Line: 207
Critical Warning (10191): Verilog HDL Compiler Directive warning at mpu-6050_english.v(208): text macro "ACC_CONFIG" is undefined File: F:/Quarter 3/VLSI System Design/FPGA-DRUMS/EECS392/mpu-6050_english.v Line: 208
Error (10170): Verilog HDL syntax error at mpu-6050_english.v(208) near text: ";";  expecting "@", or an operand. Check for and fix any syntax errors that appear immediately before or at the specified keyword. The Altera Knowledge Database contains many articles with specific details on how to resolve this error. Visit the Knowledge Database at https://www.altera.com/support/support-resources/knowledge-base/search.html and search for this specific error message number. File: F:/Quarter 3/VLSI System Design/FPGA-DRUMS/EECS392/mpu-6050_english.v Line: 208
Critical Warning (10191): Verilog HDL Compiler Directive warning at mpu-6050_english.v(209): text macro "ACC_XH" is undefined File: F:/Quarter 3/VLSI System Design/FPGA-DRUMS/EECS392/mpu-6050_english.v Line: 209
Error (10170): Verilog HDL syntax error at mpu-6050_english.v(209) near text: ";";  expecting "@", or an operand. Check for and fix any syntax errors that appear immediately before or at the specified keyword. The Altera Knowledge Database contains many articles with specific details on how to resolve this error. Visit the Knowledge Database at https://www.altera.com/support/support-resources/knowledge-base/search.html and search for this specific error message number. File: F:/Quarter 3/VLSI System Design/FPGA-DRUMS/EECS392/mpu-6050_english.v Line: 209
Critical Warning (10191): Verilog HDL Compiler Directive warning at mpu-6050_english.v(210): text macro "ACC_XL" is undefined File: F:/Quarter 3/VLSI System Design/FPGA-DRUMS/EECS392/mpu-6050_english.v Line: 210
Error (10170): Verilog HDL syntax error at mpu-6050_english.v(210) near text: ";";  expecting "@", or an operand. Check for and fix any syntax errors that appear immediately before or at the specified keyword. The Altera Knowledge Database contains many articles with specific details on how to resolve this error. Visit the Knowledge Database at https://www.altera.com/support/support-resources/knowledge-base/search.html and search for this specific error message number. File: F:/Quarter 3/VLSI System Design/FPGA-DRUMS/EECS392/mpu-6050_english.v Line: 210
Critical Warning (10191): Verilog HDL Compiler Directive warning at mpu-6050_english.v(211): text macro "ACC_YH" is undefined File: F:/Quarter 3/VLSI System Design/FPGA-DRUMS/EECS392/mpu-6050_english.v Line: 211
Error (10170): Verilog HDL syntax error at mpu-6050_english.v(211) near text: ";";  expecting "@", or an operand. Check for and fix any syntax errors that appear immediately before or at the specified keyword. The Altera Knowledge Database contains many articles with specific details on how to resolve this error. Visit the Knowledge Database at https://www.altera.com/support/support-resources/knowledge-base/search.html and search for this specific error message number. File: F:/Quarter 3/VLSI System Design/FPGA-DRUMS/EECS392/mpu-6050_english.v Line: 211
Critical Warning (10191): Verilog HDL Compiler Directive warning at mpu-6050_english.v(212): text macro "ACC_YL" is undefined File: F:/Quarter 3/VLSI System Design/FPGA-DRUMS/EECS392/mpu-6050_english.v Line: 212
Error (10170): Verilog HDL syntax error at mpu-6050_english.v(212) near text: ";";  expecting "@", or an operand. Check for and fix any syntax errors that appear immediately before or at the specified keyword. The Altera Knowledge Database contains many articles with specific details on how to resolve this error. Visit the Knowledge Database at https://www.altera.com/support/support-resources/knowledge-base/search.html and search for this specific error message number. File: F:/Quarter 3/VLSI System Design/FPGA-DRUMS/EECS392/mpu-6050_english.v Line: 212
Critical Warning (10191): Verilog HDL Compiler Directive warning at mpu-6050_english.v(213): text macro "ACC_ZH" is undefined File: F:/Quarter 3/VLSI System Design/FPGA-DRUMS/EECS392/mpu-6050_english.v Line: 213
Error (10170): Verilog HDL syntax error at mpu-6050_english.v(213) near text: ";";  expecting "@", or an operand. Check for and fix any syntax errors that appear immediately before or at the specified keyword. The Altera Knowledge Database contains many articles with specific details on how to resolve this error. Visit the Knowledge Database at https://www.altera.com/support/support-resources/knowledge-base/search.html and search for this specific error message number. File: F:/Quarter 3/VLSI System Design/FPGA-DRUMS/EECS392/mpu-6050_english.v Line: 213
Critical Warning (10191): Verilog HDL Compiler Directive warning at mpu-6050_english.v(214): text macro "ACC_ZL" is undefined File: F:/Quarter 3/VLSI System Design/FPGA-DRUMS/EECS392/mpu-6050_english.v Line: 214
Error (10170): Verilog HDL syntax error at mpu-6050_english.v(214) near text: ";";  expecting "@", or an operand. Check for and fix any syntax errors that appear immediately before or at the specified keyword. The Altera Knowledge Database contains many articles with specific details on how to resolve this error. Visit the Knowledge Database at https://www.altera.com/support/support-resources/knowledge-base/search.html and search for this specific error message number. File: F:/Quarter 3/VLSI System Design/FPGA-DRUMS/EECS392/mpu-6050_english.v Line: 214
Critical Warning (10191): Verilog HDL Compiler Directive warning at mpu-6050_english.v(215): text macro "GYRO_XH" is undefined File: F:/Quarter 3/VLSI System Design/FPGA-DRUMS/EECS392/mpu-6050_english.v Line: 215
Error (10170): Verilog HDL syntax error at mpu-6050_english.v(215) near text: ";";  expecting "@", or an operand. Check for and fix any syntax errors that appear immediately before or at the specified keyword. The Altera Knowledge Database contains many articles with specific details on how to resolve this error. Visit the Knowledge Database at https://www.altera.com/support/support-resources/knowledge-base/search.html and search for this specific error message number. File: F:/Quarter 3/VLSI System Design/FPGA-DRUMS/EECS392/mpu-6050_english.v Line: 215
Critical Warning (10191): Verilog HDL Compiler Directive warning at mpu-6050_english.v(216): text macro "GYRO_XL" is undefined File: F:/Quarter 3/VLSI System Design/FPGA-DRUMS/EECS392/mpu-6050_english.v Line: 216
Info (12021): Found 0 design units, including 0 entities, in source file mpu-6050_english.v
Error: Quartus Prime Analysis & Synthesis was unsuccessful. 19 errors, 18 warnings
    Error: Peak virtual memory: 739 megabytes
    Error: Processing ended: Tue Apr 26 13:33:59 2016
    Error: Elapsed time: 00:00:16
    Error: Total CPU time (on all processors): 00:00:29


